2024-10-18 00:16:50,582 [INFO] NvicIntPanel:101 - NVIC parent = com.st.microxplorer.plugins.ip.nvic.MultiNvicIntPanel[,0,0,0x0,invalid,layout=javax.swing.BoxLayout,alignmentX=0.0,alignmentY=0.0,border=,flags=9,maximumSize=,minimumSize=,preferredSize=]
2024-10-18 00:17:22,544 [INFO] UtilMem:75 - End SaveConfig() Used Memory: 782474008 Bytes (1073741824)
2024-10-18 00:17:23,608 [INFO] UtilMem:75 - End SaveConfig() Used Memory: 844866328 Bytes (1073741824)
2024-10-18 00:17:24,268 [INFO] BlockDiagram:2766 - set Specific Code input for plugin: NVIC
2024-10-18 00:17:24,269 [INFO] BlockDiagram:2766 - set Specific Code input for plugin: TIM1_8F1
2024-10-18 00:17:24,269 [INFO] BlockDiagram:2766 - set Specific Code input for plugin: TIM1_8F1
2024-10-18 00:17:24,269 [INFO] BlockDiagram:2766 - set Specific Code input for plugin: SYS
2024-10-18 00:17:24,269 [INFO] BlockDiagram:2766 - set Specific Code input for plugin: GPIO
2024-10-18 00:17:24,269 [INFO] BlockDiagram:2766 - set Specific Code input for plugin: ADC
2024-10-18 00:17:24,269 [INFO] BlockDiagram:2766 - set Specific Code input for plugin: RCC
2024-10-18 00:17:24,269 [INFO] BlockDiagram:2766 - set Specific Code input for plugin: I2C
2024-10-18 00:17:24,273 [INFO] CodeGenerator:807 - code generatio: config db path: D:\STM32CubeIDE_1.16.0\STM32CubeIDE\plugins\com.st.stm32cube.common.mx_6.12.0.202406281431\\db\
2024-10-18 00:17:24,285 [WARN] IP:2191 - I2C_Coeff_DF not found: check if there is a RefParameter without a condition.
2024-10-18 00:17:24,285 [WARN] IP:2191 - Analog_Filter not found: check if there is a RefParameter without a condition.
2024-10-18 00:17:24,456 [INFO] CodeEngine:255 - oldGeneratedFile, C:\Users\xintxiao\Desktop\xinjian\car\MXTmpFiles\license.tmp_save
2024-10-18 00:17:24,800 [INFO] CodeEngine:279 - Generated code: C:\Users\xintxiao\Desktop\xinjian\car\MXTmpFiles\license.tmp
2024-10-18 00:17:24,926 [INFO] CodeEngine:255 - oldGeneratedFile, C:\Users\xintxiao\Desktop\xinjian\car\Core\Src\gpio.c_save
2024-10-18 00:17:25,129 [INFO] CodeEngine:279 - Generated code: C:\Users\xintxiao\Desktop\xinjian\car\Core\Src\gpio.c
2024-10-18 00:17:25,157 [INFO] CodeEngine:255 - oldGeneratedFile, C:\Users\xintxiao\Desktop\xinjian\car\Core\Inc\gpio.h_save
2024-10-18 00:17:25,293 [INFO] CodeEngine:279 - Generated code: C:\Users\xintxiao\Desktop\xinjian\car\Core\Inc\gpio.h
2024-10-18 00:17:25,567 [INFO] CodeEngine:255 - oldGeneratedFile, C:\Users\xintxiao\Desktop\xinjian\car\Core\Src\adc.c_save
2024-10-18 00:17:25,761 [INFO] CodeEngine:279 - Generated code: C:\Users\xintxiao\Desktop\xinjian\car\Core\Src\adc.c
2024-10-18 00:17:25,791 [INFO] CodeEngine:255 - oldGeneratedFile, C:\Users\xintxiao\Desktop\xinjian\car\Core\Inc\adc.h_save
2024-10-18 00:17:25,888 [INFO] CodeEngine:279 - Generated code: C:\Users\xintxiao\Desktop\xinjian\car\Core\Inc\adc.h
2024-10-18 00:17:25,918 [INFO] CodeEngine:255 - oldGeneratedFile, C:\Users\xintxiao\Desktop\xinjian\car\Core\Src\i2c.c_save
2024-10-18 00:17:26,033 [INFO] CodeEngine:279 - Generated code: C:\Users\xintxiao\Desktop\xinjian\car\Core\Src\i2c.c
2024-10-18 00:17:26,051 [INFO] CodeEngine:255 - oldGeneratedFile, C:\Users\xintxiao\Desktop\xinjian\car\Core\Inc\i2c.h_save
2024-10-18 00:17:26,150 [INFO] CodeEngine:279 - Generated code: C:\Users\xintxiao\Desktop\xinjian\car\Core\Inc\i2c.h
2024-10-18 00:17:26,180 [INFO] CodeEngine:255 - oldGeneratedFile, C:\Users\xintxiao\Desktop\xinjian\car\Core\Src\tim.c_save
2024-10-18 00:17:26,312 [INFO] CodeEngine:279 - Generated code: C:\Users\xintxiao\Desktop\xinjian\car\Core\Src\tim.c
2024-10-18 00:17:26,331 [INFO] CodeEngine:255 - oldGeneratedFile, C:\Users\xintxiao\Desktop\xinjian\car\Core\Inc\tim.h_save
2024-10-18 00:17:26,417 [INFO] CodeEngine:279 - Generated code: C:\Users\xintxiao\Desktop\xinjian\car\Core\Inc\tim.h
2024-10-18 00:17:26,455 [INFO] CodeEngine:255 - oldGeneratedFile, C:\Users\xintxiao\Desktop\xinjian\car\Core\Src\stm32f1xx_it.c_save
2024-10-18 00:17:26,572 [INFO] CodeEngine:279 - Generated code: C:\Users\xintxiao\Desktop\xinjian\car\Core\Src\stm32f1xx_it.c
2024-10-18 00:17:26,604 [INFO] CodeEngine:255 - oldGeneratedFile, C:\Users\xintxiao\Desktop\xinjian\car\Core\Inc\stm32f1xx_it.h_save
2024-10-18 00:17:26,706 [INFO] CodeEngine:279 - Generated code: C:\Users\xintxiao\Desktop\xinjian\car\Core\Inc\stm32f1xx_it.h
2024-10-18 00:17:26,751 [INFO] CodeEngine:255 - oldGeneratedFile, C:\Users\xintxiao\Desktop\xinjian\car\Core\Src\stm32f1xx_hal_msp.c_save
2024-10-18 00:17:26,872 [INFO] CodeEngine:279 - Generated code: C:\Users\xintxiao\Desktop\xinjian\car\Core\Src\stm32f1xx_hal_msp.c
2024-10-18 00:17:26,885 [INFO] CodeEngine:255 - oldGeneratedFile, C:\Users\xintxiao\Desktop\xinjian\car\MXTmpFiles\system.tmp_save
2024-10-18 00:17:26,969 [INFO] CodeEngine:279 - Generated code: C:\Users\xintxiao\Desktop\xinjian\car\MXTmpFiles\system.tmp
2024-10-18 00:17:27,011 [INFO] CodeEngine:311 - oldGeneratedFile, C:\Users\xintxiao\Desktop\xinjian\car\Core\Inc\stm32f1xx_hal_conf.h_save
2024-10-18 00:17:27,106 [INFO] CodeEngine:335 - Generated code: C:\Users\xintxiao\Desktop\xinjian\car\Core\Inc\stm32f1xx_hal_conf.h
2024-10-18 00:17:27,169 [INFO] CodeEngine:255 - oldGeneratedFile, C:\Users\xintxiao\Desktop\xinjian\car\Core\Inc\main.h_save
2024-10-18 00:17:27,292 [INFO] CodeEngine:279 - Generated code: C:\Users\xintxiao\Desktop\xinjian\car\Core\Inc\main.h
2024-10-18 00:17:27,310 [INFO] CodeEngine:255 - oldGeneratedFile, C:\Users\xintxiao\Desktop\xinjian\car\Core\Src\main.c_save
2024-10-18 00:17:27,487 [INFO] CodeEngine:279 - Generated code: C:\Users\xintxiao\Desktop\xinjian\car\Core\Src\main.c
2024-10-18 00:17:28,235 [INFO] ProjectBuilder:3249 - Time for Copy HAL[1] : 455mS.
2024-10-18 00:17:28,248 [INFO] ProjectBuilder:4828 - Project Generator version: 4.4.0-B60
2024-10-18 00:17:28,332 [INFO] ConfigFileManager:1531 - The Die is : DIE410
2024-10-18 00:17:28,347 [INFO] ApiDbMcu:508 - Load IP Config File for FATFS
2024-10-18 00:17:28,352 [INFO] ApiDbMcu:508 - Load IP Config File for FREERTOS
2024-10-18 00:17:28,358 [INFO] ApiDbMcu:508 - Load IP Config File for USB_DEVICE
